[2025-03-22 17:32:17,981] multiqc                                            [DEBUG  ]  No MultiQC config found: /isg/shared/apps/MultiQC/1.9/lib/python3.6/site-packages/multiqc_config.yaml
[2025-03-22 17:32:17,987] multiqc                                            [DEBUG  ]  No MultiQC config found: /home/FCAM/tschneider/.multiqc_config.yaml
[2025-03-22 17:32:17,988] multiqc                                            [DEBUG  ]  No MultiQC config found: multiqc_config.yaml
[2025-03-22 17:32:17,988] multiqc                                            [DEBUG  ]  Command used: /isg/shared/apps/MultiQC/1.9/bin/multiqc -f -o ../../results/02_qc/fastqc_trimmed/multiqc ../../results/02_qc/fastqc_trimmed
[2025-03-22 17:32:18,581] multiqc                                            [WARNING]  MultiQC Version v1.28 now available!
[2025-03-22 17:32:18,583] multiqc                                            [INFO   ]  This is MultiQC v1.9
[2025-03-22 17:32:18,583] multiqc                                            [DEBUG  ]  Command     : /isg/shared/apps/MultiQC/1.9/bin/multiqc -f -o ../../results/02_qc/fastqc_trimmed/multiqc ../../results/02_qc/fastqc_trimmed
[2025-03-22 17:32:18,583] multiqc                                            [DEBUG  ]  Working dir : /scratch/tschneider/ISG5312_final_proj/scripts/02_qc
[2025-03-22 17:32:18,583] multiqc                                            [INFO   ]  Template    : default
[2025-03-22 17:32:18,583] multiqc                                            [DEBUG  ]  Running Python 3.6.8 (default, Nov 16 2020, 16:55:22)  [GCC 4.8.5 20150623 (Red Hat 4.8.5-44)]
[2025-03-22 17:32:18,584] multiqc                                            [INFO   ]  Searching   : /scratch/tschneider/ISG5312_final_proj/results/02_qc/fastqc_trimmed
[2025-03-22 17:32:18,585] multiqc                                            [DEBUG  ]  Analysing modules: custom_content, conpair, peddy, somalier, methylQA, mosdepth, phantompeakqualtools, qualimap, preseq, quast, qorts, rna_seqc, rockhopper, rsem, rseqc, busco, goleft_indexcov, disambiguate, supernova, deeptools, sargasso, verifybamid, mirtrace, happy, mirtop, homer, macs2, theta2, snpeff, gatk, htseq, bcftools, featureCounts, fgbio, dragen, dedup, damageprofiler, biobambam2, mtnucratio, picard, prokka, samblaster, samtools, sexdeterrmine, bamtools, jellyfish, vcftools, longranger, stacks, varscan2, bbmap, bismark, biscuit, hicexplorer, hicup, hicpro, salmon, kallisto, slamdunk, star, hisat2, tophat, bowtie2, bowtie1, snpsplit, kat, leehom, adapterRemoval, clipandmerge, cutadapt, flexbar, kaiju, kraken, malt, trimmomatic, sickle, skewer, sortmerna, biobloomtools, fastq_screen, afterqc, fastp, fastqc, pycoqc, minionqc, multivcfanalyzer, clusterflow, bcl2fastq, interop, ivar, flash, seqyclean
[2025-03-22 17:32:18,585] multiqc                                            [DEBUG  ]  Using temporary directory for creating report: /tmp/tmp7lxe2ko4
[2025-03-22 17:32:18,796] multiqc                                            [DEBUG  ]  Ignoring directory as matched fn_ignore_dirs: ../../results/02_qc/fastqc_trimmed/multiqc/multiqc_data
[2025-03-22 17:32:18,851] multiqc                                            [DEBUG  ]  File ignored by hicexplorer because it exceeded search pattern filesize limit: SRR15734438_trim.2_fastqc.html
[2025-03-22 17:32:18,862] multiqc                                            [DEBUG  ]  File ignored by longranger/invocation because it exceeded search pattern filesize limit: SRR15734438_trim.2_fastqc.html
[2025-03-22 17:32:18,937] multiqc                                            [DEBUG  ]  File ignored by hicexplorer because it exceeded search pattern filesize limit: SRR15734437_trim.2_fastqc.html
[2025-03-22 17:32:18,945] multiqc                                            [DEBUG  ]  File ignored by longranger/invocation because it exceeded search pattern filesize limit: SRR15734437_trim.2_fastqc.html
[2025-03-22 17:32:19,017] multiqc                                            [DEBUG  ]  File ignored by hicexplorer because it exceeded search pattern filesize limit: SRR17408318_trim.2_fastqc.html
[2025-03-22 17:32:19,027] multiqc                                            [DEBUG  ]  File ignored by longranger/invocation because it exceeded search pattern filesize limit: SRR17408318_trim.2_fastqc.html
[2025-03-22 17:32:19,100] multiqc                                            [DEBUG  ]  File ignored by hicexplorer because it exceeded search pattern filesize limit: SRR15734440_trim.2_fastqc.html
[2025-03-22 17:32:19,109] multiqc                                            [DEBUG  ]  File ignored by longranger/invocation because it exceeded search pattern filesize limit: SRR15734440_trim.2_fastqc.html
[2025-03-22 17:32:19,181] multiqc                                            [DEBUG  ]  File ignored by hicexplorer because it exceeded search pattern filesize limit: SRR17619844_trim.2_fastqc.html
[2025-03-22 17:32:19,190] multiqc                                            [DEBUG  ]  File ignored by longranger/invocation because it exceeded search pattern filesize limit: SRR17619844_trim.2_fastqc.html
[2025-03-22 17:32:19,264] multiqc                                            [DEBUG  ]  File ignored by hicexplorer because it exceeded search pattern filesize limit: SRR15734443_trim.2_fastqc.html
[2025-03-22 17:32:19,272] multiqc                                            [DEBUG  ]  File ignored by longranger/invocation because it exceeded search pattern filesize limit: SRR15734443_trim.2_fastqc.html
[2025-03-22 17:32:19,343] multiqc                                            [DEBUG  ]  File ignored by hicexplorer because it exceeded search pattern filesize limit: SRR15734420_trim.2_fastqc.html
[2025-03-22 17:32:19,352] multiqc                                            [DEBUG  ]  File ignored by longranger/invocation because it exceeded search pattern filesize limit: SRR15734420_trim.2_fastqc.html
[2025-03-22 17:32:19,422] multiqc                                            [DEBUG  ]  File ignored by hicexplorer because it exceeded search pattern filesize limit: SRR15734415_trim.1_fastqc.html
[2025-03-22 17:32:19,431] multiqc                                            [DEBUG  ]  File ignored by longranger/invocation because it exceeded search pattern filesize limit: SRR15734415_trim.1_fastqc.html
[2025-03-22 17:32:19,504] multiqc                                            [DEBUG  ]  File ignored by hicexplorer because it exceeded search pattern filesize limit: SRR15734435_trim.2_fastqc.html
[2025-03-22 17:32:19,512] multiqc                                            [DEBUG  ]  File ignored by longranger/invocation because it exceeded search pattern filesize limit: SRR15734435_trim.2_fastqc.html
[2025-03-22 17:32:19,580] multiqc                                            [DEBUG  ]  File ignored by hicexplorer because it exceeded search pattern filesize limit: SRR15734410_trim.2_fastqc.html
[2025-03-22 17:32:19,589] multiqc                                            [DEBUG  ]  File ignored by longranger/invocation because it exceeded search pattern filesize limit: SRR15734410_trim.2_fastqc.html
[2025-03-22 17:32:19,662] multiqc                                            [DEBUG  ]  File ignored by hicexplorer because it exceeded search pattern filesize limit: SRR17408317_trim.2_fastqc.html
[2025-03-22 17:32:19,672] multiqc                                            [DEBUG  ]  File ignored by longranger/invocation because it exceeded search pattern filesize limit: SRR17408317_trim.2_fastqc.html
[2025-03-22 17:32:19,754] multiqc                                            [DEBUG  ]  File ignored by hicexplorer because it exceeded search pattern filesize limit: SRR15734441_trim.2_fastqc.html
[2025-03-22 17:32:19,764] multiqc                                            [DEBUG  ]  File ignored by longranger/invocation because it exceeded search pattern filesize limit: SRR15734441_trim.2_fastqc.html
[2025-03-22 17:32:19,837] multiqc                                            [DEBUG  ]  File ignored by hicexplorer because it exceeded search pattern filesize limit: SRR15734423_trim.2_fastqc.html
[2025-03-22 17:32:19,846] multiqc                                            [DEBUG  ]  File ignored by longranger/invocation because it exceeded search pattern filesize limit: SRR15734423_trim.2_fastqc.html
[2025-03-22 17:32:19,920] multiqc                                            [DEBUG  ]  File ignored by hicexplorer because it exceeded search pattern filesize limit: SRR15734416_trim.1_fastqc.html
[2025-03-22 17:32:19,929] multiqc                                            [DEBUG  ]  File ignored by longranger/invocation because it exceeded search pattern filesize limit: SRR15734416_trim.1_fastqc.html
[2025-03-22 17:32:19,999] multiqc                                            [DEBUG  ]  File ignored by hicexplorer because it exceeded search pattern filesize limit: SRR15734427_trim.2_fastqc.html
[2025-03-22 17:32:20,007] multiqc                                            [DEBUG  ]  File ignored by longranger/invocation because it exceeded search pattern filesize limit: SRR15734427_trim.2_fastqc.html
[2025-03-22 17:32:20,077] multiqc                                            [DEBUG  ]  File ignored by hicexplorer because it exceeded search pattern filesize limit: SRR15734438_trim.1_fastqc.html
[2025-03-22 17:32:20,085] multiqc                                            [DEBUG  ]  File ignored by longranger/invocation because it exceeded search pattern filesize limit: SRR15734438_trim.1_fastqc.html
[2025-03-22 17:32:20,156] multiqc                                            [DEBUG  ]  File ignored by hicexplorer because it exceeded search pattern filesize limit: SRR17619845_trim.2_fastqc.html
[2025-03-22 17:32:20,164] multiqc                                            [DEBUG  ]  File ignored by longranger/invocation because it exceeded search pattern filesize limit: SRR17619845_trim.2_fastqc.html
[2025-03-22 17:32:20,235] multiqc                                            [DEBUG  ]  File ignored by hicexplorer because it exceeded search pattern filesize limit: SRR15734426_trim.2_fastqc.html
[2025-03-22 17:32:20,244] multiqc                                            [DEBUG  ]  File ignored by longranger/invocation because it exceeded search pattern filesize limit: SRR15734426_trim.2_fastqc.html
[2025-03-22 17:32:20,320] multiqc                                            [DEBUG  ]  File ignored by hicexplorer because it exceeded search pattern filesize limit: SRR17407396_trim.2_fastqc.html
[2025-03-22 17:32:20,329] multiqc                                            [DEBUG  ]  File ignored by longranger/invocation because it exceeded search pattern filesize limit: SRR17407396_trim.2_fastqc.html
[2025-03-22 17:32:20,402] multiqc                                            [DEBUG  ]  File ignored by hicexplorer because it exceeded search pattern filesize limit: SRR15734430_trim.1_fastqc.html
[2025-03-22 17:32:20,411] multiqc                                            [DEBUG  ]  File ignored by longranger/invocation because it exceeded search pattern filesize limit: SRR15734430_trim.1_fastqc.html
[2025-03-22 17:32:20,483] multiqc                                            [DEBUG  ]  File ignored by hicexplorer because it exceeded search pattern filesize limit: SRR15734444_trim.2_fastqc.html
[2025-03-22 17:32:20,492] multiqc                                            [DEBUG  ]  File ignored by longranger/invocation because it exceeded search pattern filesize limit: SRR15734444_trim.2_fastqc.html
[2025-03-22 17:32:20,562] multiqc                                            [DEBUG  ]  File ignored by hicexplorer because it exceeded search pattern filesize limit: SRR15734428_trim.2_fastqc.html
[2025-03-22 17:32:20,571] multiqc                                            [DEBUG  ]  File ignored by longranger/invocation because it exceeded search pattern filesize limit: SRR15734428_trim.2_fastqc.html
[2025-03-22 17:32:20,646] multiqc                                            [DEBUG  ]  File ignored by hicexplorer because it exceeded search pattern filesize limit: SRR15734412_trim.1_fastqc.html
[2025-03-22 17:32:20,655] multiqc                                            [DEBUG  ]  File ignored by longranger/invocation because it exceeded search pattern filesize limit: SRR15734412_trim.1_fastqc.html
[2025-03-22 17:32:20,733] multiqc                                            [DEBUG  ]  File ignored by hicexplorer because it exceeded search pattern filesize limit: SRR15734434_trim.1_fastqc.html
[2025-03-22 17:32:20,743] multiqc                                            [DEBUG  ]  File ignored by longranger/invocation because it exceeded search pattern filesize limit: SRR15734434_trim.1_fastqc.html
[2025-03-22 17:32:20,832] multiqc                                            [DEBUG  ]  File ignored by hicexplorer because it exceeded search pattern filesize limit: SRR15734426_trim.1_fastqc.html
[2025-03-22 17:32:20,842] multiqc                                            [DEBUG  ]  File ignored by longranger/invocation because it exceeded search pattern filesize limit: SRR15734426_trim.1_fastqc.html
[2025-03-22 17:32:20,920] multiqc                                            [DEBUG  ]  File ignored by hicexplorer because it exceeded search pattern filesize limit: SRR15734442_trim.1_fastqc.html
[2025-03-22 17:32:20,929] multiqc                                            [DEBUG  ]  File ignored by longranger/invocation because it exceeded search pattern filesize limit: SRR15734442_trim.1_fastqc.html
[2025-03-22 17:32:21,003] multiqc                                            [DEBUG  ]  File ignored by hicexplorer because it exceeded search pattern filesize limit: SRR15734427_trim.1_fastqc.html
[2025-03-22 17:32:21,013] multiqc                                            [DEBUG  ]  File ignored by longranger/invocation because it exceeded search pattern filesize limit: SRR15734427_trim.1_fastqc.html
[2025-03-22 17:32:21,085] multiqc                                            [DEBUG  ]  File ignored by hicexplorer because it exceeded search pattern filesize limit: SRR15734429_trim.2_fastqc.html
[2025-03-22 17:32:21,093] multiqc                                            [DEBUG  ]  File ignored by longranger/invocation because it exceeded search pattern filesize limit: SRR15734429_trim.2_fastqc.html
[2025-03-22 17:32:21,163] multiqc                                            [DEBUG  ]  File ignored by hicexplorer because it exceeded search pattern filesize limit: SRR15734430_trim.2_fastqc.html
[2025-03-22 17:32:21,172] multiqc                                            [DEBUG  ]  File ignored by longranger/invocation because it exceeded search pattern filesize limit: SRR15734430_trim.2_fastqc.html
[2025-03-22 17:32:21,247] multiqc                                            [DEBUG  ]  File ignored by hicexplorer because it exceeded search pattern filesize limit: SRR15734440_trim.1_fastqc.html
[2025-03-22 17:32:21,256] multiqc                                            [DEBUG  ]  File ignored by longranger/invocation because it exceeded search pattern filesize limit: SRR15734440_trim.1_fastqc.html
[2025-03-22 17:32:21,330] multiqc                                            [DEBUG  ]  File ignored by hicexplorer because it exceeded search pattern filesize limit: SRR15734417_trim.2_fastqc.html
[2025-03-22 17:32:21,339] multiqc                                            [DEBUG  ]  File ignored by longranger/invocation because it exceeded search pattern filesize limit: SRR15734417_trim.2_fastqc.html
[2025-03-22 17:32:21,413] multiqc                                            [DEBUG  ]  File ignored by hicexplorer because it exceeded search pattern filesize limit: SRR15734420_trim.1_fastqc.html
[2025-03-22 17:32:21,422] multiqc                                            [DEBUG  ]  File ignored by longranger/invocation because it exceeded search pattern filesize limit: SRR15734420_trim.1_fastqc.html
[2025-03-22 17:32:21,513] multiqc                                            [DEBUG  ]  File ignored by hicexplorer because it exceeded search pattern filesize limit: SRR15734413_trim.1_fastqc.html
[2025-03-22 17:32:21,523] multiqc                                            [DEBUG  ]  File ignored by longranger/invocation because it exceeded search pattern filesize limit: SRR15734413_trim.1_fastqc.html
[2025-03-22 17:32:21,600] multiqc                                            [DEBUG  ]  File ignored by hicexplorer because it exceeded search pattern filesize limit: SRR15734431_trim.1_fastqc.html
[2025-03-22 17:32:21,610] multiqc                                            [DEBUG  ]  File ignored by longranger/invocation because it exceeded search pattern filesize limit: SRR15734431_trim.1_fastqc.html
[2025-03-22 17:32:21,684] multiqc                                            [DEBUG  ]  File ignored by hicexplorer because it exceeded search pattern filesize limit: SRR15734431_trim.2_fastqc.html
[2025-03-22 17:32:21,694] multiqc                                            [DEBUG  ]  File ignored by longranger/invocation because it exceeded search pattern filesize limit: SRR15734431_trim.2_fastqc.html
[2025-03-22 17:32:21,770] multiqc                                            [DEBUG  ]  File ignored by hicexplorer because it exceeded search pattern filesize limit: SRR15734436_trim.1_fastqc.html
[2025-03-22 17:32:21,779] multiqc                                            [DEBUG  ]  File ignored by longranger/invocation because it exceeded search pattern filesize limit: SRR15734436_trim.1_fastqc.html
[2025-03-22 17:32:21,853] multiqc                                            [DEBUG  ]  File ignored by hicexplorer because it exceeded search pattern filesize limit: SRR15734414_trim.2_fastqc.html
[2025-03-22 17:32:21,862] multiqc                                            [DEBUG  ]  File ignored by longranger/invocation because it exceeded search pattern filesize limit: SRR15734414_trim.2_fastqc.html
[2025-03-22 17:32:21,936] multiqc                                            [DEBUG  ]  File ignored by hicexplorer because it exceeded search pattern filesize limit: SRR15734425_trim.2_fastqc.html
[2025-03-22 17:32:21,945] multiqc                                            [DEBUG  ]  File ignored by longranger/invocation because it exceeded search pattern filesize limit: SRR15734425_trim.2_fastqc.html
[2025-03-22 17:32:22,019] multiqc                                            [DEBUG  ]  File ignored by hicexplorer because it exceeded search pattern filesize limit: SRR15734445_trim.1_fastqc.html
[2025-03-22 17:32:22,028] multiqc                                            [DEBUG  ]  File ignored by longranger/invocation because it exceeded search pattern filesize limit: SRR15734445_trim.1_fastqc.html
[2025-03-22 17:32:22,100] multiqc                                            [DEBUG  ]  File ignored by hicexplorer because it exceeded search pattern filesize limit: SRR15734436_trim.2_fastqc.html
[2025-03-22 17:32:22,109] multiqc                                            [DEBUG  ]  File ignored by longranger/invocation because it exceeded search pattern filesize limit: SRR15734436_trim.2_fastqc.html
[2025-03-22 17:32:22,184] multiqc                                            [DEBUG  ]  File ignored by hicexplorer because it exceeded search pattern filesize limit: SRR15734412_trim.2_fastqc.html
[2025-03-22 17:32:22,193] multiqc                                            [DEBUG  ]  File ignored by longranger/invocation because it exceeded search pattern filesize limit: SRR15734412_trim.2_fastqc.html
[2025-03-22 17:32:22,270] multiqc                                            [DEBUG  ]  File ignored by hicexplorer because it exceeded search pattern filesize limit: SRR15734441_trim.1_fastqc.html
[2025-03-22 17:32:22,280] multiqc                                            [DEBUG  ]  File ignored by longranger/invocation because it exceeded search pattern filesize limit: SRR15734441_trim.1_fastqc.html
[2025-03-22 17:32:22,352] multiqc                                            [DEBUG  ]  File ignored by hicexplorer because it exceeded search pattern filesize limit: SRR17619845_trim.1_fastqc.html
[2025-03-22 17:32:22,361] multiqc                                            [DEBUG  ]  File ignored by longranger/invocation because it exceeded search pattern filesize limit: SRR17619845_trim.1_fastqc.html
[2025-03-22 17:32:22,434] multiqc                                            [DEBUG  ]  File ignored by hicexplorer because it exceeded search pattern filesize limit: SRR15734411_trim.2_fastqc.html
[2025-03-22 17:32:22,443] multiqc                                            [DEBUG  ]  File ignored by longranger/invocation because it exceeded search pattern filesize limit: SRR15734411_trim.2_fastqc.html
[2025-03-22 17:32:22,522] multiqc                                            [DEBUG  ]  File ignored by hicexplorer because it exceeded search pattern filesize limit: SRR15734415_trim.2_fastqc.html
[2025-03-22 17:32:22,531] multiqc                                            [DEBUG  ]  File ignored by longranger/invocation because it exceeded search pattern filesize limit: SRR15734415_trim.2_fastqc.html
[2025-03-22 17:32:22,605] multiqc                                            [DEBUG  ]  File ignored by hicexplorer because it exceeded search pattern filesize limit: SRR17408317_trim.1_fastqc.html
[2025-03-22 17:32:22,614] multiqc                                            [DEBUG  ]  File ignored by longranger/invocation because it exceeded search pattern filesize limit: SRR17408317_trim.1_fastqc.html
[2025-03-22 17:32:22,685] multiqc                                            [DEBUG  ]  File ignored by hicexplorer because it exceeded search pattern filesize limit: SRR15734411_trim.1_fastqc.html
[2025-03-22 17:32:22,695] multiqc                                            [DEBUG  ]  File ignored by longranger/invocation because it exceeded search pattern filesize limit: SRR15734411_trim.1_fastqc.html
[2025-03-22 17:32:22,777] multiqc                                            [DEBUG  ]  File ignored by hicexplorer because it exceeded search pattern filesize limit: SRR15734414_trim.1_fastqc.html
[2025-03-22 17:32:22,786] multiqc                                            [DEBUG  ]  File ignored by longranger/invocation because it exceeded search pattern filesize limit: SRR15734414_trim.1_fastqc.html
[2025-03-22 17:32:22,858] multiqc                                            [DEBUG  ]  File ignored by hicexplorer because it exceeded search pattern filesize limit: SRR15734444_trim.1_fastqc.html
[2025-03-22 17:32:22,866] multiqc                                            [DEBUG  ]  File ignored by longranger/invocation because it exceeded search pattern filesize limit: SRR15734444_trim.1_fastqc.html
[2025-03-22 17:32:22,961] multiqc                                            [DEBUG  ]  File ignored by hicexplorer because it exceeded search pattern filesize limit: SRR15734443_trim.1_fastqc.html
[2025-03-22 17:32:22,969] multiqc                                            [DEBUG  ]  File ignored by longranger/invocation because it exceeded search pattern filesize limit: SRR15734443_trim.1_fastqc.html
[2025-03-22 17:32:23,035] multiqc                                            [DEBUG  ]  File ignored by hicexplorer because it exceeded search pattern filesize limit: SRR17407396_trim.1_fastqc.html
[2025-03-22 17:32:23,044] multiqc                                            [DEBUG  ]  File ignored by longranger/invocation because it exceeded search pattern filesize limit: SRR17407396_trim.1_fastqc.html
[2025-03-22 17:32:23,105] multiqc                                            [DEBUG  ]  File ignored by hicexplorer because it exceeded search pattern filesize limit: SRR17619844_trim.1_fastqc.html
[2025-03-22 17:32:23,112] multiqc                                            [DEBUG  ]  File ignored by longranger/invocation because it exceeded search pattern filesize limit: SRR17619844_trim.1_fastqc.html
[2025-03-22 17:32:23,176] multiqc                                            [DEBUG  ]  File ignored by hicexplorer because it exceeded search pattern filesize limit: SRR15734445_trim.2_fastqc.html
[2025-03-22 17:32:23,184] multiqc                                            [DEBUG  ]  File ignored by longranger/invocation because it exceeded search pattern filesize limit: SRR15734445_trim.2_fastqc.html
[2025-03-22 17:32:23,246] multiqc                                            [DEBUG  ]  File ignored by hicexplorer because it exceeded search pattern filesize limit: SRR15734429_trim.1_fastqc.html
[2025-03-22 17:32:23,255] multiqc                                            [DEBUG  ]  File ignored by longranger/invocation because it exceeded search pattern filesize limit: SRR15734429_trim.1_fastqc.html
[2025-03-22 17:32:23,317] multiqc                                            [DEBUG  ]  File ignored by hicexplorer because it exceeded search pattern filesize limit: SRR15734421_trim.2_fastqc.html
[2025-03-22 17:32:23,325] multiqc                                            [DEBUG  ]  File ignored by longranger/invocation because it exceeded search pattern filesize limit: SRR15734421_trim.2_fastqc.html
[2025-03-22 17:32:23,389] multiqc                                            [DEBUG  ]  File ignored by hicexplorer because it exceeded search pattern filesize limit: SRR15734422_trim.2_fastqc.html
[2025-03-22 17:32:23,397] multiqc                                            [DEBUG  ]  File ignored by longranger/invocation because it exceeded search pattern filesize limit: SRR15734422_trim.2_fastqc.html
[2025-03-22 17:32:23,466] multiqc                                            [DEBUG  ]  File ignored by hicexplorer because it exceeded search pattern filesize limit: SRR15734435_trim.1_fastqc.html
[2025-03-22 17:32:23,476] multiqc                                            [DEBUG  ]  File ignored by longranger/invocation because it exceeded search pattern filesize limit: SRR15734435_trim.1_fastqc.html
[2025-03-22 17:32:23,551] multiqc                                            [DEBUG  ]  File ignored by hicexplorer because it exceeded search pattern filesize limit: SRR15734422_trim.1_fastqc.html
[2025-03-22 17:32:23,560] multiqc                                            [DEBUG  ]  File ignored by longranger/invocation because it exceeded search pattern filesize limit: SRR15734422_trim.1_fastqc.html
[2025-03-22 17:32:23,634] multiqc                                            [DEBUG  ]  File ignored by hicexplorer because it exceeded search pattern filesize limit: SRR15734413_trim.2_fastqc.html
[2025-03-22 17:32:23,642] multiqc                                            [DEBUG  ]  File ignored by longranger/invocation because it exceeded search pattern filesize limit: SRR15734413_trim.2_fastqc.html
[2025-03-22 17:32:23,713] multiqc                                            [DEBUG  ]  File ignored by hicexplorer because it exceeded search pattern filesize limit: SRR15734418_trim.2_fastqc.html
[2025-03-22 17:32:23,722] multiqc                                            [DEBUG  ]  File ignored by longranger/invocation because it exceeded search pattern filesize limit: SRR15734418_trim.2_fastqc.html
[2025-03-22 17:32:23,795] multiqc                                            [DEBUG  ]  File ignored by hicexplorer because it exceeded search pattern filesize limit: SRR15734418_trim.1_fastqc.html
[2025-03-22 17:32:23,804] multiqc                                            [DEBUG  ]  File ignored by longranger/invocation because it exceeded search pattern filesize limit: SRR15734418_trim.1_fastqc.html
[2025-03-22 17:32:23,877] multiqc                                            [DEBUG  ]  File ignored by hicexplorer because it exceeded search pattern filesize limit: SRR15734432_trim.2_fastqc.html
[2025-03-22 17:32:23,886] multiqc                                            [DEBUG  ]  File ignored by longranger/invocation because it exceeded search pattern filesize limit: SRR15734432_trim.2_fastqc.html
[2025-03-22 17:32:23,956] multiqc                                            [DEBUG  ]  File ignored by hicexplorer because it exceeded search pattern filesize limit: SRR15734437_trim.1_fastqc.html
[2025-03-22 17:32:23,964] multiqc                                            [DEBUG  ]  File ignored by longranger/invocation because it exceeded search pattern filesize limit: SRR15734437_trim.1_fastqc.html
[2025-03-22 17:32:24,034] multiqc                                            [DEBUG  ]  File ignored by hicexplorer because it exceeded search pattern filesize limit: SRR15734433_trim.1_fastqc.html
[2025-03-22 17:32:24,043] multiqc                                            [DEBUG  ]  File ignored by longranger/invocation because it exceeded search pattern filesize limit: SRR15734433_trim.1_fastqc.html
[2025-03-22 17:32:24,114] multiqc                                            [DEBUG  ]  File ignored by hicexplorer because it exceeded search pattern filesize limit: SRR15734424_trim.1_fastqc.html
[2025-03-22 17:32:24,122] multiqc                                            [DEBUG  ]  File ignored by longranger/invocation because it exceeded search pattern filesize limit: SRR15734424_trim.1_fastqc.html
[2025-03-22 17:32:24,212] multiqc                                            [DEBUG  ]  File ignored by hicexplorer because it exceeded search pattern filesize limit: SRR15734419_trim.2_fastqc.html
[2025-03-22 17:32:24,221] multiqc                                            [DEBUG  ]  File ignored by longranger/invocation because it exceeded search pattern filesize limit: SRR15734419_trim.2_fastqc.html
[2025-03-22 17:32:24,301] multiqc                                            [DEBUG  ]  File ignored by hicexplorer because it exceeded search pattern filesize limit: SRR15734428_trim.1_fastqc.html
[2025-03-22 17:32:24,310] multiqc                                            [DEBUG  ]  File ignored by longranger/invocation because it exceeded search pattern filesize limit: SRR15734428_trim.1_fastqc.html
[2025-03-22 17:32:24,385] multiqc                                            [DEBUG  ]  File ignored by hicexplorer because it exceeded search pattern filesize limit: SRR15734416_trim.2_fastqc.html
[2025-03-22 17:32:24,394] multiqc                                            [DEBUG  ]  File ignored by longranger/invocation because it exceeded search pattern filesize limit: SRR15734416_trim.2_fastqc.html
[2025-03-22 17:32:24,473] multiqc                                            [DEBUG  ]  File ignored by hicexplorer because it exceeded search pattern filesize limit: SRR15734410_trim.1_fastqc.html
[2025-03-22 17:32:24,483] multiqc                                            [DEBUG  ]  File ignored by longranger/invocation because it exceeded search pattern filesize limit: SRR15734410_trim.1_fastqc.html
[2025-03-22 17:32:24,564] multiqc                                            [DEBUG  ]  File ignored by hicexplorer because it exceeded search pattern filesize limit: SRR15734432_trim.1_fastqc.html
[2025-03-22 17:32:24,573] multiqc                                            [DEBUG  ]  File ignored by longranger/invocation because it exceeded search pattern filesize limit: SRR15734432_trim.1_fastqc.html
[2025-03-22 17:32:24,652] multiqc                                            [DEBUG  ]  File ignored by hicexplorer because it exceeded search pattern filesize limit: SRR15734419_trim.1_fastqc.html
[2025-03-22 17:32:24,661] multiqc                                            [DEBUG  ]  File ignored by longranger/invocation because it exceeded search pattern filesize limit: SRR15734419_trim.1_fastqc.html
[2025-03-22 17:32:24,745] multiqc                                            [DEBUG  ]  File ignored by hicexplorer because it exceeded search pattern filesize limit: SRR15734433_trim.2_fastqc.html
[2025-03-22 17:32:24,755] multiqc                                            [DEBUG  ]  File ignored by longranger/invocation because it exceeded search pattern filesize limit: SRR15734433_trim.2_fastqc.html
[2025-03-22 17:32:24,835] multiqc                                            [DEBUG  ]  File ignored by hicexplorer because it exceeded search pattern filesize limit: SRR15734434_trim.2_fastqc.html
[2025-03-22 17:32:24,844] multiqc                                            [DEBUG  ]  File ignored by longranger/invocation because it exceeded search pattern filesize limit: SRR15734434_trim.2_fastqc.html
[2025-03-22 17:32:24,921] multiqc                                            [DEBUG  ]  File ignored by hicexplorer because it exceeded search pattern filesize limit: SRR15734442_trim.2_fastqc.html
[2025-03-22 17:32:24,930] multiqc                                            [DEBUG  ]  File ignored by longranger/invocation because it exceeded search pattern filesize limit: SRR15734442_trim.2_fastqc.html
[2025-03-22 17:32:25,004] multiqc                                            [DEBUG  ]  File ignored by hicexplorer because it exceeded search pattern filesize limit: SRR15734417_trim.1_fastqc.html
[2025-03-22 17:32:25,012] multiqc                                            [DEBUG  ]  File ignored by longranger/invocation because it exceeded search pattern filesize limit: SRR15734417_trim.1_fastqc.html
[2025-03-22 17:32:25,083] multiqc                                            [DEBUG  ]  File ignored by hicexplorer because it exceeded search pattern filesize limit: SRR15734421_trim.1_fastqc.html
[2025-03-22 17:32:25,092] multiqc                                            [DEBUG  ]  File ignored by longranger/invocation because it exceeded search pattern filesize limit: SRR15734421_trim.1_fastqc.html
[2025-03-22 17:32:25,165] multiqc                                            [DEBUG  ]  File ignored by hicexplorer because it exceeded search pattern filesize limit: SRR15734423_trim.1_fastqc.html
[2025-03-22 17:32:25,173] multiqc                                            [DEBUG  ]  File ignored by longranger/invocation because it exceeded search pattern filesize limit: SRR15734423_trim.1_fastqc.html
[2025-03-22 17:32:25,243] multiqc                                            [DEBUG  ]  File ignored by hicexplorer because it exceeded search pattern filesize limit: SRR15734424_trim.2_fastqc.html
[2025-03-22 17:32:25,252] multiqc                                            [DEBUG  ]  File ignored by longranger/invocation because it exceeded search pattern filesize limit: SRR15734424_trim.2_fastqc.html
[2025-03-22 17:32:25,317] multiqc                                            [DEBUG  ]  File ignored by hicexplorer because it exceeded search pattern filesize limit: SRR17408318_trim.1_fastqc.html
[2025-03-22 17:32:25,326] multiqc                                            [DEBUG  ]  File ignored by longranger/invocation because it exceeded search pattern filesize limit: SRR17408318_trim.1_fastqc.html
[2025-03-22 17:32:25,397] multiqc                                            [DEBUG  ]  File ignored by hicexplorer because it exceeded search pattern filesize limit: SRR15734425_trim.1_fastqc.html
[2025-03-22 17:32:25,406] multiqc                                            [DEBUG  ]  File ignored by longranger/invocation because it exceeded search pattern filesize limit: SRR15734425_trim.1_fastqc.html
[2025-03-22 17:32:25,458] multiqc                                            [DEBUG  ]  Ignoring file as matched an ignore pattern: multiqc_report.html
[2025-03-22 17:32:26,394] multiqc.plots.bargraph                             [DEBUG  ]  Using matplotlib version 3.3.1
[2025-03-22 17:32:26,397] multiqc.plots.linegraph                            [DEBUG  ]  Using matplotlib version 3.3.1
[2025-03-22 17:32:26,402] multiqc                                            [DEBUG  ]  No samples found: custom_content
[2025-03-22 17:32:26,420] multiqc                                            [DEBUG  ]  No samples found: conpair
[2025-03-22 17:32:26,439] multiqc                                            [DEBUG  ]  No samples found: peddy
[2025-03-22 17:32:26,457] multiqc                                            [DEBUG  ]  No samples found: somalier
[2025-03-22 17:32:26,476] multiqc                                            [DEBUG  ]  No samples found: methylQA
[2025-03-22 17:32:26,509] multiqc                                            [DEBUG  ]  No samples found: mosdepth
[2025-03-22 17:32:26,528] multiqc                                            [DEBUG  ]  No samples found: phantompeakqualtools
[2025-03-22 17:32:26,538] multiqc                                            [DEBUG  ]  No samples found: qualimap
[2025-03-22 17:32:26,556] multiqc                                            [DEBUG  ]  No samples found: preseq
[2025-03-22 17:32:26,573] multiqc                                            [DEBUG  ]  No samples found: quast
[2025-03-22 17:32:26,592] multiqc                                            [DEBUG  ]  No samples found: qorts
[2025-03-22 17:32:26,610] multiqc                                            [DEBUG  ]  No samples found: rna_seqc
[2025-03-22 17:32:26,628] multiqc                                            [DEBUG  ]  No samples found: rockhopper
[2025-03-22 17:32:26,646] multiqc                                            [DEBUG  ]  No samples found: rsem
[2025-03-22 17:32:26,682] multiqc                                            [DEBUG  ]  No samples found: rseqc
[2025-03-22 17:32:26,700] multiqc                                            [DEBUG  ]  No samples found: busco
[2025-03-22 17:32:26,718] multiqc                                            [DEBUG  ]  No samples found: goleft_indexcov
[2025-03-22 17:32:26,737] multiqc                                            [DEBUG  ]  No samples found: disambiguate
[2025-03-22 17:32:26,756] multiqc                                            [DEBUG  ]  No samples found: supernova
[2025-03-22 17:32:26,799] multiqc                                            [DEBUG  ]  No samples found: deeptools
[2025-03-22 17:32:26,817] multiqc                                            [DEBUG  ]  No samples found: sargasso
[2025-03-22 17:32:26,837] multiqc                                            [DEBUG  ]  No samples found: verifybamid
[2025-03-22 17:32:26,856] multiqc                                            [DEBUG  ]  No samples found: mirtrace
[2025-03-22 17:32:26,874] multiqc                                            [DEBUG  ]  No samples found: happy
[2025-03-22 17:32:26,893] multiqc                                            [DEBUG  ]  No samples found: mirtop
[2025-03-22 17:32:26,914] multiqc                                            [DEBUG  ]  No samples found: homer
[2025-03-22 17:32:26,932] multiqc                                            [DEBUG  ]  No samples found: macs2
[2025-03-22 17:32:26,952] multiqc                                            [DEBUG  ]  No samples found: theta2
[2025-03-22 17:32:26,970] multiqc                                            [DEBUG  ]  No samples found: snpeff
[2025-03-22 17:32:26,995] multiqc                                            [DEBUG  ]  No samples found: gatk
[2025-03-22 17:32:27,013] multiqc                                            [DEBUG  ]  No samples found: htseq
[2025-03-22 17:32:27,033] multiqc                                            [DEBUG  ]  No samples found: bcftools
[2025-03-22 17:32:27,054] multiqc                                            [DEBUG  ]  No samples found: featureCounts
[2025-03-22 17:32:27,077] multiqc                                            [DEBUG  ]  No samples found: fgbio
[2025-03-22 17:32:27,114] multiqc                                            [DEBUG  ]  No samples found: dragen
[2025-03-22 17:32:27,132] multiqc                                            [DEBUG  ]  No samples found: dedup
[2025-03-22 17:32:27,151] multiqc                                            [DEBUG  ]  No samples found: damageprofiler
[2025-03-22 17:32:27,221] multiqc                                            [DEBUG  ]  No samples found: biobambam2
[2025-03-22 17:32:27,240] multiqc                                            [DEBUG  ]  No samples found: mtnucratio
[2025-03-22 17:32:27,248] multiqc                                            [DEBUG  ]  No samples found: picard
[2025-03-22 17:32:27,266] multiqc                                            [DEBUG  ]  No samples found: prokka
[2025-03-22 17:32:27,283] multiqc                                            [DEBUG  ]  No samples found: samblaster
[2025-03-22 17:32:27,311] multiqc                                            [DEBUG  ]  No samples found: samtools
[2025-03-22 17:32:27,329] multiqc                                            [DEBUG  ]  No samples found: sexdeterrmine
[2025-03-22 17:32:27,348] multiqc                                            [DEBUG  ]  No samples found: bamtools
[2025-03-22 17:32:27,366] multiqc                                            [DEBUG  ]  No samples found: jellyfish
[2025-03-22 17:32:27,395] multiqc                                            [DEBUG  ]  No samples found: vcftools
[2025-03-22 17:32:27,414] multiqc                                            [DEBUG  ]  No samples found: longranger
[2025-03-22 17:32:27,433] multiqc                                            [DEBUG  ]  No samples found: stacks
[2025-03-22 17:32:27,451] multiqc                                            [DEBUG  ]  No samples found: varscan2
[2025-03-22 17:32:27,494] multiqc                                            [DEBUG  ]  No samples found: bbmap
[2025-03-22 17:32:27,513] multiqc                                            [DEBUG  ]  No samples found: bismark
[2025-03-22 17:32:27,531] multiqc                                            [DEBUG  ]  No samples found: biscuit
[2025-03-22 17:32:27,549] multiqc                                            [DEBUG  ]  No samples found: hicexplorer
[2025-03-22 17:32:27,567] multiqc                                            [DEBUG  ]  No samples found: hicup
[2025-03-22 17:32:27,585] multiqc                                            [DEBUG  ]  No samples found: hicpro
[2025-03-22 17:32:27,604] multiqc                                            [DEBUG  ]  No samples found: salmon
[2025-03-22 17:32:27,622] multiqc                                            [DEBUG  ]  No samples found: kallisto
[2025-03-22 17:32:27,640] multiqc                                            [DEBUG  ]  No samples found: slamdunk
[2025-03-22 17:32:27,658] multiqc                                            [DEBUG  ]  No samples found: star
[2025-03-22 17:32:27,677] multiqc                                            [DEBUG  ]  No samples found: hisat2
[2025-03-22 17:32:27,694] multiqc                                            [DEBUG  ]  No samples found: tophat
[2025-03-22 17:32:27,713] multiqc                                            [DEBUG  ]  No samples found: bowtie2
[2025-03-22 17:32:27,730] multiqc                                            [DEBUG  ]  No samples found: bowtie1
[2025-03-22 17:32:27,747] multiqc                                            [DEBUG  ]  No samples found: snpsplit
[2025-03-22 17:32:27,765] multiqc                                            [DEBUG  ]  No samples found: kat
[2025-03-22 17:32:27,783] multiqc                                            [DEBUG  ]  No samples found: leehom
[2025-03-22 17:32:27,801] multiqc                                            [DEBUG  ]  No samples found: adapterRemoval
[2025-03-22 17:32:27,819] multiqc                                            [DEBUG  ]  No samples found: clipandmerge
[2025-03-22 17:32:27,840] multiqc                                            [DEBUG  ]  No samples found: cutadapt
[2025-03-22 17:32:27,857] multiqc                                            [DEBUG  ]  No samples found: flexbar
[2025-03-22 17:32:27,876] multiqc                                            [DEBUG  ]  No samples found: kaiju
[2025-03-22 17:32:27,894] multiqc                                            [DEBUG  ]  No samples found: kraken
[2025-03-22 17:32:27,912] multiqc                                            [DEBUG  ]  No samples found: malt
[2025-03-22 17:32:27,931] multiqc                                            [DEBUG  ]  No samples found: trimmomatic
[2025-03-22 17:32:27,949] multiqc                                            [DEBUG  ]  No samples found: sickle
[2025-03-22 17:32:27,968] multiqc                                            [DEBUG  ]  No samples found: skewer
[2025-03-22 17:32:27,985] multiqc                                            [DEBUG  ]  No samples found: sortmerna
[2025-03-22 17:32:28,003] multiqc                                            [DEBUG  ]  No samples found: biobloomtools
[2025-03-22 17:32:28,021] multiqc                                            [DEBUG  ]  No samples found: fastq_screen
[2025-03-22 17:32:28,040] multiqc                                            [DEBUG  ]  No samples found: afterqc
[2025-03-22 17:32:28,060] multiqc                                            [DEBUG  ]  No samples found: fastp
[2025-03-22 17:32:28,395] multiqc.modules.fastqc.fastqc                      [INFO   ]  Found 80 reports
[2025-03-22 17:32:29,024] multiqc                                            [DEBUG  ]  No samples found: pycoqc
[2025-03-22 17:32:29,038] multiqc                                            [DEBUG  ]  No samples found: minionqc
[2025-03-22 17:32:29,052] multiqc                                            [DEBUG  ]  No samples found: multivcfanalyzer
[2025-03-22 17:32:29,067] multiqc                                            [DEBUG  ]  No samples found: clusterflow
[2025-03-22 17:32:29,084] multiqc                                            [DEBUG  ]  No samples found: bcl2fastq
[2025-03-22 17:32:29,100] multiqc                                            [DEBUG  ]  No samples found: interop
[2025-03-22 17:32:29,117] multiqc                                            [DEBUG  ]  No samples found: ivar
[2025-03-22 17:32:29,135] multiqc                                            [DEBUG  ]  No samples found: flash
[2025-03-22 17:32:29,151] multiqc                                            [DEBUG  ]  No samples found: seqyclean
[2025-03-22 17:32:29,297] multiqc                                            [INFO   ]  Compressing plot data
[2025-03-22 17:32:30,508] multiqc                                            [WARNING]  Deleting    : ../../results/02_qc/fastqc_trimmed/multiqc/multiqc_report.html   (-f was specified)
[2025-03-22 17:32:30,513] multiqc                                            [WARNING]  Deleting    : ../../results/02_qc/fastqc_trimmed/multiqc/multiqc_data   (-f was specified)
[2025-03-22 17:32:30,529] multiqc                                            [INFO   ]  Report      : ../../results/02_qc/fastqc_trimmed/multiqc/multiqc_report.html
[2025-03-22 17:32:30,529] multiqc                                            [INFO   ]  Data        : ../../results/02_qc/fastqc_trimmed/multiqc/multiqc_data
[2025-03-22 17:32:30,529] multiqc                                            [DEBUG  ]  Moving data file from '/tmp/tmp7lxe2ko4/multiqc_data' to '../../results/02_qc/fastqc_trimmed/multiqc/multiqc_data'
[2025-03-22 17:32:30,733] multiqc                                            [INFO   ]  MultiQC complete
