[2025-03-24 19:30:14,456] multiqc                                            [DEBUG  ]  No MultiQC config found: /isg/shared/apps/MultiQC/1.9/lib/python3.6/site-packages/multiqc_config.yaml
[2025-03-24 19:30:14,457] multiqc                                            [DEBUG  ]  No MultiQC config found: /home/FCAM/tschneider/.multiqc_config.yaml
[2025-03-24 19:30:14,458] multiqc                                            [DEBUG  ]  No MultiQC config found: multiqc_config.yaml
[2025-03-24 19:30:14,458] multiqc                                            [DEBUG  ]  Command used: /isg/shared/apps/MultiQC/1.9/bin/multiqc -f -o ../../results/04_alignQC/samstats/multiqc ../../results/04_alignQC/samstats
[2025-03-24 19:30:15,084] multiqc                                            [WARNING]  MultiQC Version v1.28 now available!
[2025-03-24 19:30:15,086] multiqc                                            [INFO   ]  This is MultiQC v1.9
[2025-03-24 19:30:15,087] multiqc                                            [DEBUG  ]  Command     : /isg/shared/apps/MultiQC/1.9/bin/multiqc -f -o ../../results/04_alignQC/samstats/multiqc ../../results/04_alignQC/samstats
[2025-03-24 19:30:15,087] multiqc                                            [DEBUG  ]  Working dir : /scratch/tschneider/ISG5312_final_proj/scripts/04_alignQC
[2025-03-24 19:30:15,087] multiqc                                            [INFO   ]  Template    : default
[2025-03-24 19:30:15,087] multiqc                                            [DEBUG  ]  Running Python 3.6.8 (default, Nov 16 2020, 16:55:22)  [GCC 4.8.5 20150623 (Red Hat 4.8.5-44)]
[2025-03-24 19:30:15,087] multiqc                                            [INFO   ]  Searching   : /scratch/tschneider/ISG5312_final_proj/results/04_alignQC/samstats
[2025-03-24 19:30:15,089] multiqc                                            [DEBUG  ]  Analysing modules: custom_content, conpair, peddy, somalier, methylQA, mosdepth, phantompeakqualtools, qualimap, preseq, quast, qorts, rna_seqc, rockhopper, rsem, rseqc, busco, goleft_indexcov, disambiguate, supernova, deeptools, sargasso, verifybamid, mirtrace, happy, mirtop, homer, macs2, theta2, snpeff, gatk, htseq, bcftools, featureCounts, fgbio, dragen, dedup, damageprofiler, biobambam2, mtnucratio, picard, prokka, samblaster, samtools, sexdeterrmine, bamtools, jellyfish, vcftools, longranger, stacks, varscan2, bbmap, bismark, biscuit, hicexplorer, hicup, hicpro, salmon, kallisto, slamdunk, star, hisat2, tophat, bowtie2, bowtie1, snpsplit, kat, leehom, adapterRemoval, clipandmerge, cutadapt, flexbar, kaiju, kraken, malt, trimmomatic, sickle, skewer, sortmerna, biobloomtools, fastq_screen, afterqc, fastp, fastqc, pycoqc, minionqc, multivcfanalyzer, clusterflow, bcl2fastq, interop, ivar, flash, seqyclean
[2025-03-24 19:30:15,089] multiqc                                            [DEBUG  ]  Using temporary directory for creating report: /tmp/tmpr00s5c9l
[2025-03-24 19:30:15,390] multiqc                                            [DEBUG  ]  File ignored by hicexplorer because it exceeded search pattern filesize limit: SRR17619845.stats
[2025-03-24 19:30:15,396] multiqc                                            [DEBUG  ]  File ignored by longranger/invocation because it exceeded search pattern filesize limit: SRR17619845.stats
[2025-03-24 19:30:15,481] multiqc                                            [DEBUG  ]  File ignored by hicexplorer because it exceeded search pattern filesize limit: SRR15734414.stats
[2025-03-24 19:30:15,487] multiqc                                            [DEBUG  ]  File ignored by longranger/invocation because it exceeded search pattern filesize limit: SRR15734414.stats
[2025-03-24 19:30:15,576] multiqc                                            [DEBUG  ]  File ignored by hicexplorer because it exceeded search pattern filesize limit: SRR17408318.stats
[2025-03-24 19:30:15,583] multiqc                                            [DEBUG  ]  File ignored by longranger/invocation because it exceeded search pattern filesize limit: SRR17408318.stats
[2025-03-24 19:30:15,689] multiqc                                            [DEBUG  ]  File ignored by hicexplorer because it exceeded search pattern filesize limit: SRR15734433.stats
[2025-03-24 19:30:15,700] multiqc                                            [DEBUG  ]  File ignored by longranger/invocation because it exceeded search pattern filesize limit: SRR15734433.stats
[2025-03-24 19:30:15,822] multiqc                                            [DEBUG  ]  File ignored by hicexplorer because it exceeded search pattern filesize limit: SRR15734443.stats
[2025-03-24 19:30:15,828] multiqc                                            [DEBUG  ]  File ignored by longranger/invocation because it exceeded search pattern filesize limit: SRR15734443.stats
[2025-03-24 19:30:15,915] multiqc                                            [DEBUG  ]  File ignored by hicexplorer because it exceeded search pattern filesize limit: SRR15734432.stats
[2025-03-24 19:30:15,921] multiqc                                            [DEBUG  ]  File ignored by longranger/invocation because it exceeded search pattern filesize limit: SRR15734432.stats
[2025-03-24 19:30:16,026] multiqc                                            [DEBUG  ]  File ignored by hicexplorer because it exceeded search pattern filesize limit: SRR15734444.stats
[2025-03-24 19:30:16,031] multiqc                                            [DEBUG  ]  File ignored by longranger/invocation because it exceeded search pattern filesize limit: SRR15734444.stats
[2025-03-24 19:30:16,131] multiqc                                            [DEBUG  ]  File ignored by hicexplorer because it exceeded search pattern filesize limit: SRR15734429.stats
[2025-03-24 19:30:16,142] multiqc                                            [DEBUG  ]  File ignored by longranger/invocation because it exceeded search pattern filesize limit: SRR15734429.stats
[2025-03-24 19:30:16,245] multiqc                                            [DEBUG  ]  File ignored by hicexplorer because it exceeded search pattern filesize limit: SRR15734425.stats
[2025-03-24 19:30:16,250] multiqc                                            [DEBUG  ]  File ignored by longranger/invocation because it exceeded search pattern filesize limit: SRR15734425.stats
[2025-03-24 19:30:16,334] multiqc                                            [DEBUG  ]  File ignored by hicexplorer because it exceeded search pattern filesize limit: SN.txt
[2025-03-24 19:30:16,340] multiqc                                            [DEBUG  ]  File ignored by longranger/invocation because it exceeded search pattern filesize limit: SN.txt
[2025-03-24 19:30:16,369] multiqc                                            [DEBUG  ]  File ignored by hicexplorer because it exceeded search pattern filesize limit: SRR15734437.stats
[2025-03-24 19:30:16,377] multiqc                                            [DEBUG  ]  File ignored by longranger/invocation because it exceeded search pattern filesize limit: SRR15734437.stats
[2025-03-24 19:30:16,474] multiqc                                            [DEBUG  ]  File ignored by hicexplorer because it exceeded search pattern filesize limit: SRR15734436.stats
[2025-03-24 19:30:16,479] multiqc                                            [DEBUG  ]  File ignored by longranger/invocation because it exceeded search pattern filesize limit: SRR15734436.stats
[2025-03-24 19:30:16,570] multiqc                                            [DEBUG  ]  File ignored by hicexplorer because it exceeded search pattern filesize limit: SRR15734418.stats
[2025-03-24 19:30:16,581] multiqc                                            [DEBUG  ]  File ignored by longranger/invocation because it exceeded search pattern filesize limit: SRR15734418.stats
[2025-03-24 19:30:16,688] multiqc                                            [DEBUG  ]  File ignored by hicexplorer because it exceeded search pattern filesize limit: SRR15734445.stats
[2025-03-24 19:30:16,694] multiqc                                            [DEBUG  ]  File ignored by longranger/invocation because it exceeded search pattern filesize limit: SRR15734445.stats
[2025-03-24 19:30:16,780] multiqc                                            [DEBUG  ]  File ignored by hicexplorer because it exceeded search pattern filesize limit: SRR15734422.stats
[2025-03-24 19:30:16,786] multiqc                                            [DEBUG  ]  File ignored by longranger/invocation because it exceeded search pattern filesize limit: SRR15734422.stats
[2025-03-24 19:30:16,892] multiqc                                            [DEBUG  ]  File ignored by hicexplorer because it exceeded search pattern filesize limit: SRR15734416.stats
[2025-03-24 19:30:16,903] multiqc                                            [DEBUG  ]  File ignored by longranger/invocation because it exceeded search pattern filesize limit: SRR15734416.stats
[2025-03-24 19:30:17,012] multiqc                                            [DEBUG  ]  File ignored by hicexplorer because it exceeded search pattern filesize limit: SRR15734434.stats
[2025-03-24 19:30:17,018] multiqc                                            [DEBUG  ]  File ignored by longranger/invocation because it exceeded search pattern filesize limit: SRR15734434.stats
[2025-03-24 19:30:17,103] multiqc                                            [DEBUG  ]  File ignored by hicexplorer because it exceeded search pattern filesize limit: SRR17408317.stats
[2025-03-24 19:30:17,109] multiqc                                            [DEBUG  ]  File ignored by longranger/invocation because it exceeded search pattern filesize limit: SRR17408317.stats
[2025-03-24 19:30:17,236] multiqc                                            [DEBUG  ]  File ignored by hicexplorer because it exceeded search pattern filesize limit: SRR15734424.stats
[2025-03-24 19:30:17,245] multiqc                                            [DEBUG  ]  File ignored by longranger/invocation because it exceeded search pattern filesize limit: SRR15734424.stats
[2025-03-24 19:30:17,366] multiqc                                            [DEBUG  ]  File ignored by hicexplorer because it exceeded search pattern filesize limit: SRR15734430.stats
[2025-03-24 19:30:17,376] multiqc                                            [DEBUG  ]  File ignored by longranger/invocation because it exceeded search pattern filesize limit: SRR15734430.stats
[2025-03-24 19:30:17,495] multiqc                                            [DEBUG  ]  File ignored by hicexplorer because it exceeded search pattern filesize limit: SRR15734420.stats
[2025-03-24 19:30:17,500] multiqc                                            [DEBUG  ]  File ignored by longranger/invocation because it exceeded search pattern filesize limit: SRR15734420.stats
[2025-03-24 19:30:17,591] multiqc                                            [DEBUG  ]  File ignored by hicexplorer because it exceeded search pattern filesize limit: SRR15734441.stats
[2025-03-24 19:30:17,601] multiqc                                            [DEBUG  ]  File ignored by longranger/invocation because it exceeded search pattern filesize limit: SRR15734441.stats
[2025-03-24 19:30:17,703] multiqc                                            [DEBUG  ]  File ignored by hicexplorer because it exceeded search pattern filesize limit: SRR15734428.stats
[2025-03-24 19:30:17,709] multiqc                                            [DEBUG  ]  File ignored by longranger/invocation because it exceeded search pattern filesize limit: SRR15734428.stats
[2025-03-24 19:30:17,796] multiqc                                            [DEBUG  ]  File ignored by hicexplorer because it exceeded search pattern filesize limit: SRR17407396.stats
[2025-03-24 19:30:17,801] multiqc                                            [DEBUG  ]  File ignored by longranger/invocation because it exceeded search pattern filesize limit: SRR17407396.stats
[2025-03-24 19:30:17,907] multiqc                                            [DEBUG  ]  File ignored by hicexplorer because it exceeded search pattern filesize limit: SRR15734415.stats
[2025-03-24 19:30:17,915] multiqc                                            [DEBUG  ]  File ignored by longranger/invocation because it exceeded search pattern filesize limit: SRR15734415.stats
[2025-03-24 19:30:18,011] multiqc                                            [DEBUG  ]  File ignored by hicexplorer because it exceeded search pattern filesize limit: SRR15734442.stats
[2025-03-24 19:30:18,016] multiqc                                            [DEBUG  ]  File ignored by longranger/invocation because it exceeded search pattern filesize limit: SRR15734442.stats
[2025-03-24 19:30:18,106] multiqc                                            [DEBUG  ]  File ignored by hicexplorer because it exceeded search pattern filesize limit: SRR15734440.stats
[2025-03-24 19:30:18,112] multiqc                                            [DEBUG  ]  File ignored by longranger/invocation because it exceeded search pattern filesize limit: SRR15734440.stats
[2025-03-24 19:30:18,201] multiqc                                            [DEBUG  ]  File ignored by hicexplorer because it exceeded search pattern filesize limit: SRR15734431.stats
[2025-03-24 19:30:18,206] multiqc                                            [DEBUG  ]  File ignored by longranger/invocation because it exceeded search pattern filesize limit: SRR15734431.stats
[2025-03-24 19:30:18,299] multiqc                                            [DEBUG  ]  File ignored by hicexplorer because it exceeded search pattern filesize limit: SRR15734419.stats
[2025-03-24 19:30:18,305] multiqc                                            [DEBUG  ]  File ignored by longranger/invocation because it exceeded search pattern filesize limit: SRR15734419.stats
[2025-03-24 19:30:18,389] multiqc                                            [DEBUG  ]  File ignored by hicexplorer because it exceeded search pattern filesize limit: SRR15734426.stats
[2025-03-24 19:30:18,395] multiqc                                            [DEBUG  ]  File ignored by longranger/invocation because it exceeded search pattern filesize limit: SRR15734426.stats
[2025-03-24 19:30:18,483] multiqc                                            [DEBUG  ]  File ignored by hicexplorer because it exceeded search pattern filesize limit: SRR15734438.stats
[2025-03-24 19:30:18,489] multiqc                                            [DEBUG  ]  File ignored by longranger/invocation because it exceeded search pattern filesize limit: SRR15734438.stats
[2025-03-24 19:30:18,591] multiqc                                            [DEBUG  ]  File ignored by hicexplorer because it exceeded search pattern filesize limit: SRR15734423.stats
[2025-03-24 19:30:18,597] multiqc                                            [DEBUG  ]  File ignored by longranger/invocation because it exceeded search pattern filesize limit: SRR15734423.stats
[2025-03-24 19:30:18,690] multiqc                                            [DEBUG  ]  File ignored by hicexplorer because it exceeded search pattern filesize limit: SRR15734421.stats
[2025-03-24 19:30:18,695] multiqc                                            [DEBUG  ]  File ignored by longranger/invocation because it exceeded search pattern filesize limit: SRR15734421.stats
[2025-03-24 19:30:18,791] multiqc                                            [DEBUG  ]  File ignored by hicexplorer because it exceeded search pattern filesize limit: SRR15734410.stats
[2025-03-24 19:30:18,801] multiqc                                            [DEBUG  ]  File ignored by longranger/invocation because it exceeded search pattern filesize limit: SRR15734410.stats
[2025-03-24 19:30:18,911] multiqc                                            [DEBUG  ]  File ignored by hicexplorer because it exceeded search pattern filesize limit: SRR15734413.stats
[2025-03-24 19:30:18,920] multiqc                                            [DEBUG  ]  File ignored by longranger/invocation because it exceeded search pattern filesize limit: SRR15734413.stats
[2025-03-24 19:30:19,023] multiqc                                            [DEBUG  ]  File ignored by hicexplorer because it exceeded search pattern filesize limit: SRR15734411.stats
[2025-03-24 19:30:19,029] multiqc                                            [DEBUG  ]  File ignored by longranger/invocation because it exceeded search pattern filesize limit: SRR15734411.stats
[2025-03-24 19:30:19,112] multiqc                                            [DEBUG  ]  File ignored by hicexplorer because it exceeded search pattern filesize limit: SRR15734435.stats
[2025-03-24 19:30:19,118] multiqc                                            [DEBUG  ]  File ignored by longranger/invocation because it exceeded search pattern filesize limit: SRR15734435.stats
[2025-03-24 19:30:19,216] multiqc                                            [DEBUG  ]  File ignored by hicexplorer because it exceeded search pattern filesize limit: SRR15734417.stats
[2025-03-24 19:30:19,223] multiqc                                            [DEBUG  ]  File ignored by longranger/invocation because it exceeded search pattern filesize limit: SRR15734417.stats
[2025-03-24 19:30:19,317] multiqc                                            [DEBUG  ]  File ignored by hicexplorer because it exceeded search pattern filesize limit: SRR15734412.stats
[2025-03-24 19:30:19,323] multiqc                                            [DEBUG  ]  File ignored by longranger/invocation because it exceeded search pattern filesize limit: SRR15734412.stats
[2025-03-24 19:30:19,416] multiqc                                            [DEBUG  ]  File ignored by hicexplorer because it exceeded search pattern filesize limit: SRR17619844.stats
[2025-03-24 19:30:19,422] multiqc                                            [DEBUG  ]  File ignored by longranger/invocation because it exceeded search pattern filesize limit: SRR17619844.stats
[2025-03-24 19:30:19,525] multiqc                                            [DEBUG  ]  File ignored by hicexplorer because it exceeded search pattern filesize limit: SRR15734427.stats
[2025-03-24 19:30:19,530] multiqc                                            [DEBUG  ]  File ignored by longranger/invocation because it exceeded search pattern filesize limit: SRR15734427.stats
[2025-03-24 19:30:20,999] multiqc.plots.bargraph                             [DEBUG  ]  Using matplotlib version 3.3.1
[2025-03-24 19:30:21,002] multiqc.plots.linegraph                            [DEBUG  ]  Using matplotlib version 3.3.1
[2025-03-24 19:30:21,006] multiqc                                            [DEBUG  ]  No samples found: custom_content
[2025-03-24 19:30:21,039] multiqc                                            [DEBUG  ]  No samples found: conpair
[2025-03-24 19:30:21,066] multiqc                                            [DEBUG  ]  No samples found: peddy
[2025-03-24 19:30:21,090] multiqc                                            [DEBUG  ]  No samples found: somalier
[2025-03-24 19:30:21,114] multiqc                                            [DEBUG  ]  No samples found: methylQA
[2025-03-24 19:30:21,151] multiqc                                            [DEBUG  ]  No samples found: mosdepth
[2025-03-24 19:30:21,175] multiqc                                            [DEBUG  ]  No samples found: phantompeakqualtools
[2025-03-24 19:30:21,190] multiqc                                            [DEBUG  ]  No samples found: qualimap
[2025-03-24 19:30:21,217] multiqc                                            [DEBUG  ]  No samples found: preseq
[2025-03-24 19:30:21,244] multiqc                                            [DEBUG  ]  No samples found: quast
[2025-03-24 19:30:21,269] multiqc                                            [DEBUG  ]  No samples found: qorts
[2025-03-24 19:30:21,293] multiqc                                            [DEBUG  ]  No samples found: rna_seqc
[2025-03-24 19:30:21,315] multiqc                                            [DEBUG  ]  No samples found: rockhopper
[2025-03-24 19:30:21,338] multiqc                                            [DEBUG  ]  No samples found: rsem
[2025-03-24 19:30:21,386] multiqc                                            [DEBUG  ]  No samples found: rseqc
[2025-03-24 19:30:21,411] multiqc                                            [DEBUG  ]  No samples found: busco
[2025-03-24 19:30:21,436] multiqc                                            [DEBUG  ]  No samples found: goleft_indexcov
[2025-03-24 19:30:21,459] multiqc                                            [DEBUG  ]  No samples found: disambiguate
[2025-03-24 19:30:21,484] multiqc                                            [DEBUG  ]  No samples found: supernova
[2025-03-24 19:30:21,537] multiqc                                            [DEBUG  ]  No samples found: deeptools
[2025-03-24 19:30:21,560] multiqc                                            [DEBUG  ]  No samples found: sargasso
[2025-03-24 19:30:21,588] multiqc                                            [DEBUG  ]  No samples found: verifybamid
[2025-03-24 19:30:21,611] multiqc                                            [DEBUG  ]  No samples found: mirtrace
[2025-03-24 19:30:21,634] multiqc                                            [DEBUG  ]  No samples found: happy
[2025-03-24 19:30:21,658] multiqc                                            [DEBUG  ]  No samples found: mirtop
[2025-03-24 19:30:21,687] multiqc                                            [DEBUG  ]  No samples found: homer
[2025-03-24 19:30:21,710] multiqc                                            [DEBUG  ]  No samples found: macs2
[2025-03-24 19:30:21,733] multiqc                                            [DEBUG  ]  No samples found: theta2
[2025-03-24 19:30:21,758] multiqc                                            [DEBUG  ]  No samples found: snpeff
[2025-03-24 19:30:21,793] multiqc                                            [DEBUG  ]  No samples found: gatk
[2025-03-24 19:30:21,816] multiqc                                            [DEBUG  ]  No samples found: htseq
[2025-03-24 19:30:21,843] multiqc                                            [DEBUG  ]  No samples found: bcftools
[2025-03-24 19:30:21,866] multiqc                                            [DEBUG  ]  No samples found: featureCounts
[2025-03-24 19:30:21,901] multiqc                                            [DEBUG  ]  No samples found: fgbio
[2025-03-24 19:30:21,961] multiqc                                            [DEBUG  ]  No samples found: dragen
[2025-03-24 19:30:21,984] multiqc                                            [DEBUG  ]  No samples found: dedup
[2025-03-24 19:30:22,007] multiqc                                            [DEBUG  ]  No samples found: damageprofiler
[2025-03-24 19:30:22,098] multiqc                                            [DEBUG  ]  No samples found: biobambam2
[2025-03-24 19:30:22,123] multiqc                                            [DEBUG  ]  No samples found: mtnucratio
[2025-03-24 19:30:22,134] multiqc                                            [DEBUG  ]  No samples found: picard
[2025-03-24 19:30:22,159] multiqc                                            [DEBUG  ]  No samples found: prokka
[2025-03-24 19:30:22,184] multiqc                                            [DEBUG  ]  No samples found: samblaster
[2025-03-24 19:30:22,336] multiqc.modules.samtools.samtools                  [INFO   ]  Found 40 stats reports
[2025-03-24 19:30:22,352] multiqc                                            [DEBUG  ]  No samples found: sexdeterrmine
[2025-03-24 19:30:22,379] multiqc                                            [DEBUG  ]  No samples found: bamtools
[2025-03-24 19:30:22,406] multiqc                                            [DEBUG  ]  No samples found: jellyfish
[2025-03-24 19:30:22,442] multiqc                                            [DEBUG  ]  No samples found: vcftools
[2025-03-24 19:30:22,465] multiqc                                            [DEBUG  ]  No samples found: longranger
[2025-03-24 19:30:22,490] multiqc                                            [DEBUG  ]  No samples found: stacks
[2025-03-24 19:30:22,513] multiqc                                            [DEBUG  ]  No samples found: varscan2
[2025-03-24 19:30:22,574] multiqc                                            [DEBUG  ]  No samples found: bbmap
[2025-03-24 19:30:22,599] multiqc                                            [DEBUG  ]  No samples found: bismark
[2025-03-24 19:30:22,623] multiqc                                            [DEBUG  ]  No samples found: biscuit
[2025-03-24 19:30:22,647] multiqc                                            [DEBUG  ]  No samples found: hicexplorer
[2025-03-24 19:30:22,670] multiqc                                            [DEBUG  ]  No samples found: hicup
[2025-03-24 19:30:22,693] multiqc                                            [DEBUG  ]  No samples found: hicpro
[2025-03-24 19:30:22,716] multiqc                                            [DEBUG  ]  No samples found: salmon
[2025-03-24 19:30:22,742] multiqc                                            [DEBUG  ]  No samples found: kallisto
[2025-03-24 19:30:22,769] multiqc                                            [DEBUG  ]  No samples found: slamdunk
[2025-03-24 19:30:22,796] multiqc                                            [DEBUG  ]  No samples found: star
[2025-03-24 19:30:22,819] multiqc                                            [DEBUG  ]  No samples found: hisat2
[2025-03-24 19:30:22,842] multiqc                                            [DEBUG  ]  No samples found: tophat
[2025-03-24 19:30:22,864] multiqc                                            [DEBUG  ]  No samples found: bowtie2
[2025-03-24 19:30:22,888] multiqc                                            [DEBUG  ]  No samples found: bowtie1
[2025-03-24 19:30:22,910] multiqc                                            [DEBUG  ]  No samples found: snpsplit
[2025-03-24 19:30:22,931] multiqc                                            [DEBUG  ]  No samples found: kat
[2025-03-24 19:30:22,953] multiqc                                            [DEBUG  ]  No samples found: leehom
[2025-03-24 19:30:22,977] multiqc                                            [DEBUG  ]  No samples found: adapterRemoval
[2025-03-24 19:30:23,001] multiqc                                            [DEBUG  ]  No samples found: clipandmerge
[2025-03-24 19:30:23,023] multiqc                                            [DEBUG  ]  No samples found: cutadapt
[2025-03-24 19:30:23,046] multiqc                                            [DEBUG  ]  No samples found: flexbar
[2025-03-24 19:30:23,068] multiqc                                            [DEBUG  ]  No samples found: kaiju
[2025-03-24 19:30:23,094] multiqc                                            [DEBUG  ]  No samples found: kraken
[2025-03-24 19:30:23,121] multiqc                                            [DEBUG  ]  No samples found: malt
[2025-03-24 19:30:23,144] multiqc                                            [DEBUG  ]  No samples found: trimmomatic
[2025-03-24 19:30:23,167] multiqc                                            [DEBUG  ]  No samples found: sickle
[2025-03-24 19:30:23,188] multiqc                                            [DEBUG  ]  No samples found: skewer
[2025-03-24 19:30:23,210] multiqc                                            [DEBUG  ]  No samples found: sortmerna
[2025-03-24 19:30:23,234] multiqc                                            [DEBUG  ]  No samples found: biobloomtools
[2025-03-24 19:30:23,258] multiqc                                            [DEBUG  ]  No samples found: fastq_screen
[2025-03-24 19:30:23,281] multiqc                                            [DEBUG  ]  No samples found: afterqc
[2025-03-24 19:30:23,306] multiqc                                            [DEBUG  ]  No samples found: fastp
[2025-03-24 19:30:23,330] multiqc                                            [DEBUG  ]  No samples found: fastqc
[2025-03-24 19:30:23,356] multiqc                                            [DEBUG  ]  No samples found: pycoqc
[2025-03-24 19:30:23,376] multiqc                                            [DEBUG  ]  No samples found: minionqc
[2025-03-24 19:30:23,395] multiqc                                            [DEBUG  ]  No samples found: multivcfanalyzer
[2025-03-24 19:30:23,420] multiqc                                            [DEBUG  ]  No samples found: clusterflow
[2025-03-24 19:30:23,444] multiqc                                            [DEBUG  ]  No samples found: bcl2fastq
[2025-03-24 19:30:23,474] multiqc                                            [DEBUG  ]  No samples found: interop
[2025-03-24 19:30:23,499] multiqc                                            [DEBUG  ]  No samples found: ivar
[2025-03-24 19:30:23,522] multiqc                                            [DEBUG  ]  No samples found: flash
[2025-03-24 19:30:23,544] multiqc                                            [DEBUG  ]  No samples found: seqyclean
[2025-03-24 19:30:23,628] multiqc                                            [INFO   ]  Compressing plot data
[2025-03-24 19:30:23,663] multiqc                                            [INFO   ]  Report      : ../../results/04_alignQC/samstats/multiqc/multiqc_report.html
[2025-03-24 19:30:23,664] multiqc                                            [INFO   ]  Data        : ../../results/04_alignQC/samstats/multiqc/multiqc_data
[2025-03-24 19:30:23,664] multiqc                                            [DEBUG  ]  Moving data file from '/tmp/tmpr00s5c9l/multiqc_data' to '../../results/04_alignQC/samstats/multiqc/multiqc_data'
[2025-03-24 19:30:23,984] multiqc                                            [INFO   ]  MultiQC complete
